2024-12-19 01:34:33,835 - werkzeug - INFO -  * Detected change in 'c:\\Users\\alsao\\OneDrive\\Escritorio\\web_cocina\\database\\db_connection.py', reloading
2024-12-19 01:34:33,883 - werkzeug - INFO -  * Restarting with stat
2024-12-19 01:34:34,185 - __main__ - DEBUG - Directorio raíz añadido al PYTHONPATH.
2024-12-19 01:34:34,186 - __main__ - INFO - Configuración de Flask cargada correctamente.
2024-12-19 01:34:34,190 - __main__ - INFO - Blueprints registrados correctamente.
2024-12-19 01:34:34,190 - __main__ - INFO - Configuración de conexión: {'host': 'localhost', 'user': 'angelpaco', 'password': 'angelpaco', 'database': 'cocina_db'}
2024-12-19 01:34:34,190 - __main__ - DEBUG - db_config: {'host': 'localhost', 'user': 'angelpaco', 'password': 'angelpaco', 'database': 'cocina_db'}
2024-12-19 01:34:34,191 - database.db_connection - INFO - Conectando a MySQL en localhost...
2024-12-19 01:34:34,231 - mysql.connector.connection - DEBUG - # _do_auth(): self._auth_plugin: 
2024-12-19 01:34:34,232 - mysql.connector.authentication - INFO - package: mysql.connector.plugins
2024-12-19 01:34:34,232 - mysql.connector.authentication - INFO - plugin_name: mysql_native_password
2024-12-19 01:34:34,233 - mysql.connector.authentication - INFO - AUTHENTICATION_PLUGIN_CLASS: MySQLNativePasswordAuthPlugin
2024-12-19 01:34:34,233 - mysql.connector.connection - DEBUG - new_auth_plugin: mysql_native_password
2024-12-19 01:34:34,234 - database.db_connection - INFO - Conexión establecida con la base de datos 'cocina_db'.
2024-12-19 01:34:34,234 - __main__ - INFO - Conexión establecida con la base de datos.
2024-12-19 01:34:34,235 - database.db_connection - INFO - Conectando a MySQL en localhost...
2024-12-19 01:34:34,235 - mysql.connector.connection - DEBUG - # _do_auth(): self._auth_plugin: 
2024-12-19 01:34:34,236 - mysql.connector.connection - DEBUG - new_auth_plugin: mysql_native_password
2024-12-19 01:34:34,236 - database.db_connection - INFO - Conexión establecida con la base de datos 'cocina_db'.
2024-12-19 01:34:34,242 - database.db_connection - INFO - Conexión cerrada correctamente.
2024-12-19 01:34:34,243 - database.db_connection - INFO - Conexión cerrada correctamente.
2024-12-19 01:34:34,243 - __main__ - INFO - Iniciando el servidor Flask en modo debug...
2024-12-19 01:34:34,254 - werkzeug - WARNING -  * Debugger is active!
2024-12-19 01:34:34,258 - werkzeug - INFO -  * Debugger PIN: 135-295-714
2024-12-19 02:07:27,563 - werkzeug - INFO -  * Detected change in 'c:\\Users\\alsao\\OneDrive\\Escritorio\\web_cocina\\routes\\auth_routes.py', reloading
2024-12-19 02:07:27,597 - werkzeug - INFO -  * Restarting with stat
2024-12-19 02:07:27,842 - __main__ - DEBUG - Directorio raíz añadido al PYTHONPATH.
2024-12-19 02:07:27,844 - __main__ - INFO - Configuración de Flask cargada correctamente.
2024-12-19 02:07:27,847 - __main__ - INFO - Blueprints registrados correctamente.
2024-12-19 02:07:27,847 - __main__ - INFO - Configuración de conexión: {'host': 'localhost', 'user': 'angelpaco', 'password': 'angelpaco', 'database': 'cocina_db'}
2024-12-19 02:07:27,848 - __main__ - DEBUG - db_config: {'host': 'localhost', 'user': 'angelpaco', 'password': 'angelpaco', 'database': 'cocina_db'}
2024-12-19 02:07:27,848 - database.db_connection - INFO - Conectando a MySQL en localhost...
2024-12-19 02:07:27,929 - mysql.connector.connection - DEBUG - # _do_auth(): self._auth_plugin: 
2024-12-19 02:07:27,929 - mysql.connector.authentication - INFO - package: mysql.connector.plugins
2024-12-19 02:07:27,929 - mysql.connector.authentication - INFO - plugin_name: mysql_native_password
2024-12-19 02:07:27,930 - mysql.connector.authentication - INFO - AUTHENTICATION_PLUGIN_CLASS: MySQLNativePasswordAuthPlugin
2024-12-19 02:07:27,930 - mysql.connector.connection - DEBUG - new_auth_plugin: mysql_native_password
2024-12-19 02:07:27,931 - database.db_connection - INFO - Conexión establecida con la base de datos 'cocina_db'.
2024-12-19 02:07:27,931 - __main__ - INFO - Conexión establecida con la base de datos.
2024-12-19 02:07:27,932 - database.db_connection - INFO - Conectando a MySQL en localhost...
2024-12-19 02:07:27,933 - mysql.connector.connection - DEBUG - # _do_auth(): self._auth_plugin: 
2024-12-19 02:07:27,933 - mysql.connector.connection - DEBUG - new_auth_plugin: mysql_native_password
2024-12-19 02:07:27,934 - database.db_connection - INFO - Conexión establecida con la base de datos 'cocina_db'.
2024-12-19 02:07:27,939 - database.db_connection - INFO - Conexión cerrada correctamente.
2024-12-19 02:07:27,939 - database.db_connection - INFO - Conexión cerrada correctamente.
2024-12-19 02:07:27,940 - __main__ - INFO - Iniciando el servidor Flask en modo debug...
2024-12-19 02:07:27,951 - werkzeug - WARNING -  * Debugger is active!
2024-12-19 02:07:27,956 - werkzeug - INFO -  * Debugger PIN: 135-295-714
2024-12-19 02:07:43,954 - werkzeug - INFO -  * Detected change in 'c:\\Users\\alsao\\OneDrive\\Escritorio\\web_cocina\\routes\\routes.py', reloading
2024-12-19 02:07:43,990 - werkzeug - INFO -  * Restarting with stat
2024-12-19 02:16:28,444 - __main__ - DEBUG - Directorio raíz añadido al PYTHONPATH.
2024-12-19 02:16:28,446 - __main__ - INFO - Configuración de Flask cargada correctamente.
2024-12-19 02:16:28,449 - __main__ - INFO - Blueprints registrados correctamente.
2024-12-19 02:16:28,449 - __main__ - INFO - Configuración de conexión: {'host': 'localhost', 'user': 'angelpaco', 'password': 'angelpaco', 'database': 'cocina_db'}
2024-12-19 02:16:28,449 - __main__ - DEBUG - db_config: {'host': 'localhost', 'user': 'angelpaco', 'password': 'angelpaco', 'database': 'cocina_db'}
2024-12-19 02:16:28,449 - database.db_connection - INFO - Conectando a MySQL en localhost...
2024-12-19 02:16:28,524 - mysql.connector.connection - DEBUG - # _do_auth(): self._auth_plugin: 
2024-12-19 02:16:28,524 - mysql.connector.authentication - INFO - package: mysql.connector.plugins
2024-12-19 02:16:28,524 - mysql.connector.authentication - INFO - plugin_name: mysql_native_password
2024-12-19 02:16:28,525 - mysql.connector.authentication - INFO - AUTHENTICATION_PLUGIN_CLASS: MySQLNativePasswordAuthPlugin
2024-12-19 02:16:28,525 - mysql.connector.connection - DEBUG - new_auth_plugin: mysql_native_password
2024-12-19 02:16:28,526 - database.db_connection - INFO - Conexión establecida con la base de datos 'cocina_db'.
2024-12-19 02:16:28,526 - __main__ - INFO - Conexión establecida con la base de datos.
2024-12-19 02:16:28,526 - database.db_connection - INFO - Conectando a MySQL en localhost...
2024-12-19 02:16:28,527 - mysql.connector.connection - DEBUG - # _do_auth(): self._auth_plugin: 
2024-12-19 02:16:28,527 - mysql.connector.connection - DEBUG - new_auth_plugin: mysql_native_password
2024-12-19 02:16:28,528 - database.db_connection - INFO - Conexión establecida con la base de datos 'cocina_db'.
2024-12-19 02:16:28,533 - database.db_connection - INFO - Conexión cerrada correctamente.
2024-12-19 02:16:28,533 - database.db_connection - INFO - Conexión cerrada correctamente.
2024-12-19 02:16:28,534 - __main__ - INFO - Iniciando el servidor Flask en modo debug...
2024-12-19 02:16:28,548 - werkzeug - INFO - [31m[1mWARNING: This is a development server. Do not use it in a production deployment. Use a production WSGI server instead.[0m
 * Running on http://127.0.0.1:5000
2024-12-19 02:16:28,549 - werkzeug - INFO - [33mPress CTRL+C to quit[0m
2024-12-19 02:16:28,551 - werkzeug - INFO -  * Restarting with stat
2024-12-19 02:16:28,791 - __main__ - DEBUG - Directorio raíz añadido al PYTHONPATH.
2024-12-19 02:16:28,792 - __main__ - INFO - Configuración de Flask cargada correctamente.
2024-12-19 02:16:28,796 - __main__ - INFO - Blueprints registrados correctamente.
2024-12-19 02:16:28,796 - __main__ - INFO - Configuración de conexión: {'host': 'localhost', 'user': 'angelpaco', 'password': 'angelpaco', 'database': 'cocina_db'}
2024-12-19 02:16:28,796 - __main__ - DEBUG - db_config: {'host': 'localhost', 'user': 'angelpaco', 'password': 'angelpaco', 'database': 'cocina_db'}
2024-12-19 02:16:28,796 - database.db_connection - INFO - Conectando a MySQL en localhost...
2024-12-19 02:16:28,822 - mysql.connector.connection - DEBUG - # _do_auth(): self._auth_plugin: 
2024-12-19 02:16:28,822 - mysql.connector.authentication - INFO - package: mysql.connector.plugins
2024-12-19 02:16:28,822 - mysql.connector.authentication - INFO - plugin_name: mysql_native_password
2024-12-19 02:16:28,823 - mysql.connector.authentication - INFO - AUTHENTICATION_PLUGIN_CLASS: MySQLNativePasswordAuthPlugin
2024-12-19 02:16:28,823 - mysql.connector.connection - DEBUG - new_auth_plugin: mysql_native_password
2024-12-19 02:16:28,824 - database.db_connection - INFO - Conexión establecida con la base de datos 'cocina_db'.
2024-12-19 02:16:28,824 - __main__ - INFO - Conexión establecida con la base de datos.
2024-12-19 02:16:28,824 - database.db_connection - INFO - Conectando a MySQL en localhost...
2024-12-19 02:16:28,825 - mysql.connector.connection - DEBUG - # _do_auth(): self._auth_plugin: 
2024-12-19 02:16:28,825 - mysql.connector.connection - DEBUG - new_auth_plugin: mysql_native_password
2024-12-19 02:16:28,826 - database.db_connection - INFO - Conexión establecida con la base de datos 'cocina_db'.
2024-12-19 02:16:28,831 - database.db_connection - INFO - Conexión cerrada correctamente.
2024-12-19 02:16:28,832 - database.db_connection - INFO - Conexión cerrada correctamente.
2024-12-19 02:16:28,832 - __main__ - INFO - Iniciando el servidor Flask en modo debug...
2024-12-19 02:16:28,842 - werkzeug - WARNING -  * Debugger is active!
2024-12-19 02:16:28,846 - werkzeug - INFO -  * Debugger PIN: 135-295-714
2024-12-19 02:16:41,093 - werkzeug - INFO - 127.0.0.1 - - [19/Dec/2024 02:16:41] "[35m[1mGET / HTTP/1.1[0m" 500 -
2024-12-19 02:16:41,134 - werkzeug - INFO - 127.0.0.1 - - [19/Dec/2024 02:16:41] "[36mGET /?__debugger__=yes&cmd=resource&f=style.css HTTP/1.1[0m" 304 -
2024-12-19 02:16:41,159 - werkzeug - INFO - 127.0.0.1 - - [19/Dec/2024 02:16:41] "[36mGET /?__debugger__=yes&cmd=resource&f=debugger.js HTTP/1.1[0m" 304 -
2024-12-19 02:16:41,204 - werkzeug - INFO - 127.0.0.1 - - [19/Dec/2024 02:16:41] "GET /?__debugger__=yes&cmd=resource&f=console.png&s=u5OYQFUeoyeiNGQkRWPS HTTP/1.1" 200 -
2024-12-19 02:16:41,213 - werkzeug - INFO - 127.0.0.1 - - [19/Dec/2024 02:16:41] "[36mGET /?__debugger__=yes&cmd=resource&f=console.png HTTP/1.1[0m" 304 -
2024-12-19 02:22:36,246 - werkzeug - INFO -  * Detected change in 'c:\\Users\\alsao\\OneDrive\\Escritorio\\web_cocina\\app.py', reloading
2024-12-19 02:22:36,282 - werkzeug - INFO -  * Restarting with stat
2024-12-19 02:22:36,537 - __main__ - DEBUG - Directorio raíz añadido al PYTHONPATH.
2024-12-19 02:22:36,539 - __main__ - INFO - Configuración de Flask cargada correctamente.
2024-12-19 02:22:36,542 - __main__ - INFO - Blueprints registrados correctamente.
2024-12-19 02:22:36,542 - __main__ - INFO - Configuración de conexión: {'host': 'localhost', 'user': 'angelpaco', 'password': 'angelpaco', 'database': 'cocina_db'}
2024-12-19 02:22:36,543 - __main__ - DEBUG - db_config: {'host': 'localhost', 'user': 'angelpaco', 'password': 'angelpaco', 'database': 'cocina_db'}
2024-12-19 02:22:36,543 - database.db_connection - INFO - Conectando a MySQL en localhost...
2024-12-19 02:22:36,632 - mysql.connector.connection - DEBUG - # _do_auth(): self._auth_plugin: 
2024-12-19 02:22:36,632 - mysql.connector.authentication - INFO - package: mysql.connector.plugins
2024-12-19 02:22:36,632 - mysql.connector.authentication - INFO - plugin_name: mysql_native_password
2024-12-19 02:22:36,633 - mysql.connector.authentication - INFO - AUTHENTICATION_PLUGIN_CLASS: MySQLNativePasswordAuthPlugin
2024-12-19 02:22:36,633 - mysql.connector.connection - DEBUG - new_auth_plugin: mysql_native_password
2024-12-19 02:22:36,634 - database.db_connection - INFO - Conexión establecida con la base de datos 'cocina_db'.
2024-12-19 02:22:36,634 - __main__ - INFO - Conexión establecida con la base de datos.
2024-12-19 02:22:36,635 - database.db_connection - INFO - Conectando a MySQL en localhost...
2024-12-19 02:22:36,636 - mysql.connector.connection - DEBUG - # _do_auth(): self._auth_plugin: 
2024-12-19 02:22:36,636 - mysql.connector.connection - DEBUG - new_auth_plugin: mysql_native_password
2024-12-19 02:22:36,636 - database.db_connection - INFO - Conexión establecida con la base de datos 'cocina_db'.
2024-12-19 02:22:36,642 - database.db_connection - INFO - Conexión cerrada correctamente.
2024-12-19 02:22:36,642 - database.db_connection - INFO - Conexión cerrada correctamente.
2024-12-19 02:22:36,642 - __main__ - INFO - Iniciando el servidor Flask en modo debug...
2024-12-19 02:22:36,653 - werkzeug - WARNING -  * Debugger is active!
2024-12-19 02:22:36,658 - werkzeug - INFO -  * Debugger PIN: 135-295-714
2024-12-19 02:22:37,827 - werkzeug - INFO -  * Detected change in 'c:\\Users\\alsao\\OneDrive\\Escritorio\\web_cocina\\app.py', reloading
2024-12-19 02:22:37,862 - werkzeug - INFO -  * Restarting with stat
2024-12-19 02:22:38,156 - __main__ - DEBUG - Directorio raíz añadido al PYTHONPATH.
2024-12-19 02:22:38,159 - __main__ - INFO - Configuración de Flask cargada correctamente.
2024-12-19 02:22:38,164 - __main__ - INFO - Blueprints registrados correctamente.
2024-12-19 02:22:38,164 - __main__ - INFO - Configuración de conexión: {'host': 'localhost', 'user': 'angelpaco', 'password': 'angelpaco', 'database': 'cocina_db'}
2024-12-19 02:22:38,165 - __main__ - DEBUG - db_config: {'host': 'localhost', 'user': 'angelpaco', 'password': 'angelpaco', 'database': 'cocina_db'}
2024-12-19 02:22:38,165 - database.db_connection - INFO - Conectando a MySQL en localhost...
2024-12-19 02:22:38,206 - mysql.connector.connection - DEBUG - # _do_auth(): self._auth_plugin: 
2024-12-19 02:22:38,206 - mysql.connector.authentication - INFO - package: mysql.connector.plugins
2024-12-19 02:22:38,206 - mysql.connector.authentication - INFO - plugin_name: mysql_native_password
2024-12-19 02:22:38,208 - mysql.connector.authentication - INFO - AUTHENTICATION_PLUGIN_CLASS: MySQLNativePasswordAuthPlugin
2024-12-19 02:22:38,208 - mysql.connector.connection - DEBUG - new_auth_plugin: mysql_native_password
2024-12-19 02:22:38,209 - database.db_connection - INFO - Conexión establecida con la base de datos 'cocina_db'.
2024-12-19 02:22:38,209 - __main__ - INFO - Conexión establecida con la base de datos.
2024-12-19 02:22:38,209 - database.db_connection - INFO - Conectando a MySQL en localhost...
2024-12-19 02:22:38,210 - mysql.connector.connection - DEBUG - # _do_auth(): self._auth_plugin: 
2024-12-19 02:22:38,211 - mysql.connector.connection - DEBUG - new_auth_plugin: mysql_native_password
2024-12-19 02:22:38,211 - database.db_connection - INFO - Conexión establecida con la base de datos 'cocina_db'.
2024-12-19 02:22:38,217 - database.db_connection - INFO - Conexión cerrada correctamente.
2024-12-19 02:22:38,217 - database.db_connection - INFO - Conexión cerrada correctamente.
2024-12-19 02:22:38,217 - __main__ - INFO - Iniciando el servidor Flask en modo debug...
2024-12-19 02:22:38,230 - werkzeug - WARNING -  * Debugger is active!
2024-12-19 02:22:38,234 - werkzeug - INFO -  * Debugger PIN: 135-295-714
2024-12-19 02:22:54,235 - werkzeug - INFO -  * Detected change in 'c:\\Users\\alsao\\OneDrive\\Escritorio\\web_cocina\\app.py', reloading
2024-12-19 02:22:54,271 - werkzeug - INFO -  * Restarting with stat
2024-12-19 02:24:42,855 - __main__ - DEBUG - Directorio raíz añadido al PYTHONPATH.
2024-12-19 02:24:42,857 - __main__ - INFO - Configuración de Flask cargada correctamente.
2024-12-19 02:24:42,860 - __main__ - INFO - Blueprints registrados correctamente.
2024-12-19 02:24:42,860 - __main__ - INFO - Configuración de conexión: {'host': 'localhost', 'user': 'angelpaco', 'password': 'angelpaco', 'database': 'cocina_db'}
2024-12-19 02:24:42,860 - __main__ - DEBUG - db_config: {'host': 'localhost', 'user': 'angelpaco', 'password': 'angelpaco', 'database': 'cocina_db'}
2024-12-19 02:24:42,861 - database.db_connection - INFO - Conectando a MySQL en localhost...
2024-12-19 02:24:42,934 - mysql.connector.connection - DEBUG - # _do_auth(): self._auth_plugin: 
2024-12-19 02:24:42,934 - mysql.connector.authentication - INFO - package: mysql.connector.plugins
2024-12-19 02:24:42,934 - mysql.connector.authentication - INFO - plugin_name: mysql_native_password
2024-12-19 02:24:42,935 - mysql.connector.authentication - INFO - AUTHENTICATION_PLUGIN_CLASS: MySQLNativePasswordAuthPlugin
2024-12-19 02:24:42,935 - mysql.connector.connection - DEBUG - new_auth_plugin: mysql_native_password
2024-12-19 02:24:42,936 - database.db_connection - INFO - Conexión establecida con la base de datos 'cocina_db'.
2024-12-19 02:24:42,936 - __main__ - INFO - Conexión establecida con la base de datos.
2024-12-19 02:24:42,936 - database.db_connection - INFO - Conectando a MySQL en localhost...
2024-12-19 02:24:42,937 - mysql.connector.connection - DEBUG - # _do_auth(): self._auth_plugin: 
2024-12-19 02:24:42,938 - mysql.connector.connection - DEBUG - new_auth_plugin: mysql_native_password
2024-12-19 02:24:42,938 - database.db_connection - INFO - Conexión establecida con la base de datos 'cocina_db'.
2024-12-19 02:24:42,943 - database.db_connection - INFO - Conexión cerrada correctamente.
2024-12-19 02:24:42,943 - database.db_connection - INFO - Conexión cerrada correctamente.
2024-12-19 02:24:42,944 - __main__ - INFO - Iniciando el servidor Flask en modo debug...
2024-12-19 02:24:42,960 - werkzeug - INFO - [31m[1mWARNING: This is a development server. Do not use it in a production deployment. Use a production WSGI server instead.[0m
 * Running on http://127.0.0.1:5000
2024-12-19 02:24:42,960 - werkzeug - INFO - [33mPress CTRL+C to quit[0m
2024-12-19 02:24:42,961 - werkzeug - INFO -  * Restarting with stat
2024-12-19 02:24:43,198 - __main__ - DEBUG - Directorio raíz añadido al PYTHONPATH.
2024-12-19 02:24:43,200 - __main__ - INFO - Configuración de Flask cargada correctamente.
2024-12-19 02:24:43,203 - __main__ - INFO - Blueprints registrados correctamente.
2024-12-19 02:24:43,203 - __main__ - INFO - Configuración de conexión: {'host': 'localhost', 'user': 'angelpaco', 'password': 'angelpaco', 'database': 'cocina_db'}
2024-12-19 02:24:43,203 - __main__ - DEBUG - db_config: {'host': 'localhost', 'user': 'angelpaco', 'password': 'angelpaco', 'database': 'cocina_db'}
2024-12-19 02:24:43,204 - database.db_connection - INFO - Conectando a MySQL en localhost...
2024-12-19 02:24:43,229 - mysql.connector.connection - DEBUG - # _do_auth(): self._auth_plugin: 
2024-12-19 02:24:43,230 - mysql.connector.authentication - INFO - package: mysql.connector.plugins
2024-12-19 02:24:43,230 - mysql.connector.authentication - INFO - plugin_name: mysql_native_password
2024-12-19 02:24:43,231 - mysql.connector.authentication - INFO - AUTHENTICATION_PLUGIN_CLASS: MySQLNativePasswordAuthPlugin
2024-12-19 02:24:43,231 - mysql.connector.connection - DEBUG - new_auth_plugin: mysql_native_password
2024-12-19 02:24:43,232 - database.db_connection - INFO - Conexión establecida con la base de datos 'cocina_db'.
2024-12-19 02:24:43,232 - __main__ - INFO - Conexión establecida con la base de datos.
2024-12-19 02:24:43,232 - database.db_connection - INFO - Conectando a MySQL en localhost...
2024-12-19 02:24:43,233 - mysql.connector.connection - DEBUG - # _do_auth(): self._auth_plugin: 
2024-12-19 02:24:43,234 - mysql.connector.connection - DEBUG - new_auth_plugin: mysql_native_password
2024-12-19 02:24:43,234 - database.db_connection - INFO - Conexión establecida con la base de datos 'cocina_db'.
2024-12-19 02:24:43,239 - database.db_connection - INFO - Conexión cerrada correctamente.
2024-12-19 02:24:43,240 - database.db_connection - INFO - Conexión cerrada correctamente.
2024-12-19 02:24:43,240 - __main__ - INFO - Iniciando el servidor Flask en modo debug...
2024-12-19 02:24:43,251 - werkzeug - WARNING -  * Debugger is active!
2024-12-19 02:24:43,255 - werkzeug - INFO -  * Debugger PIN: 135-295-714
2024-12-19 02:24:46,018 - werkzeug - INFO - 127.0.0.1 - - [19/Dec/2024 02:24:46] "[35m[1mGET / HTTP/1.1[0m" 500 -
2024-12-19 02:24:46,073 - werkzeug - INFO - 127.0.0.1 - - [19/Dec/2024 02:24:46] "[36mGET /?__debugger__=yes&cmd=resource&f=debugger.js HTTP/1.1[0m" 304 -
2024-12-19 02:24:46,075 - werkzeug - INFO - 127.0.0.1 - - [19/Dec/2024 02:24:46] "[36mGET /?__debugger__=yes&cmd=resource&f=style.css HTTP/1.1[0m" 304 -
2024-12-19 02:24:46,110 - werkzeug - INFO - 127.0.0.1 - - [19/Dec/2024 02:24:46] "GET /?__debugger__=yes&cmd=resource&f=console.png&s=yZc5xxfWKIjrfcfjb8fE HTTP/1.1" 200 -
2024-12-19 02:28:05,601 - werkzeug - INFO - 127.0.0.1 - - [19/Dec/2024 02:28:05] "GET / HTTP/1.1" 200 -
2024-12-19 02:28:05,611 - werkzeug - INFO - 127.0.0.1 - - [19/Dec/2024 02:28:05] "GET /static/css/styles.css HTTP/1.1" 200 -
2024-12-19 02:28:05,666 - werkzeug - INFO - 127.0.0.1 - - [19/Dec/2024 02:28:05] "GET /static/images/favicon.ico HTTP/1.1" 200 -
2024-12-19 02:28:54,883 - werkzeug - INFO - 127.0.0.1 - - [19/Dec/2024 02:28:54] "[35m[1mGET /auth/login HTTP/1.1[0m" 500 -
2024-12-19 02:28:54,895 - werkzeug - INFO - 127.0.0.1 - - [19/Dec/2024 02:28:54] "GET /auth/login?__debugger__=yes&cmd=resource&f=style.css HTTP/1.1" 200 -
2024-12-19 02:28:54,895 - werkzeug - INFO - 127.0.0.1 - - [19/Dec/2024 02:28:54] "GET /auth/login?__debugger__=yes&cmd=resource&f=debugger.js HTTP/1.1" 200 -
2024-12-19 02:28:54,907 - werkzeug - INFO - 127.0.0.1 - - [19/Dec/2024 02:28:54] "GET /auth/login?__debugger__=yes&cmd=resource&f=console.png&s=yZc5xxfWKIjrfcfjb8fE HTTP/1.1" 200 -
2024-12-19 02:28:54,915 - werkzeug - INFO - 127.0.0.1 - - [19/Dec/2024 02:28:54] "GET /auth/login?__debugger__=yes&cmd=resource&f=console.png HTTP/1.1" 200 -
2024-12-19 02:29:27,927 - werkzeug - INFO - 127.0.0.1 - - [19/Dec/2024 02:29:27] "GET /auth/login HTTP/1.1" 200 -
2024-12-19 02:29:27,939 - werkzeug - INFO - 127.0.0.1 - - [19/Dec/2024 02:29:27] "[36mGET /static/css/styles.css HTTP/1.1[0m" 304 -
2024-12-19 02:29:27,958 - werkzeug - INFO - 127.0.0.1 - - [19/Dec/2024 02:29:27] "[36mGET /static/images/favicon.ico HTTP/1.1[0m" 304 -
2024-12-19 02:29:48,763 - database.db_connection - INFO - Conectando a MySQL en localhost...
2024-12-19 02:29:48,765 - mysql.connector.connection - DEBUG - # _do_auth(): self._auth_plugin: 
2024-12-19 02:29:48,765 - mysql.connector.connection - DEBUG - new_auth_plugin: mysql_native_password
2024-12-19 02:29:48,766 - database.db_connection - INFO - Conexión establecida con la base de datos 'cocina_db'.
2024-12-19 02:29:48,772 - database.db_connection - INFO - Conexión cerrada correctamente.
2024-12-19 02:29:48,773 - routes.auth_routes - INFO - Rol del usuario en sesión: cliente
2024-12-19 02:29:48,773 - werkzeug - INFO - 127.0.0.1 - - [19/Dec/2024 02:29:48] "[32mPOST /auth/login HTTP/1.1[0m" 302 -
2024-12-19 02:29:48,777 - werkzeug - INFO - 127.0.0.1 - - [19/Dec/2024 02:29:48] "GET /auth/login HTTP/1.1" 200 -
2024-12-19 02:29:48,787 - werkzeug - INFO - 127.0.0.1 - - [19/Dec/2024 02:29:48] "[36mGET /static/css/styles.css HTTP/1.1[0m" 304 -
2024-12-19 02:47:50,888 - werkzeug - INFO -  * Detected change in 'c:\\Users\\alsao\\OneDrive\\Escritorio\\web_cocina\\controllers\\categoria_controller.py', reloading
2024-12-19 02:47:50,923 - werkzeug - INFO -  * Restarting with stat
2024-12-19 03:47:31,926 - __main__ - DEBUG - Directorio raíz añadido al PYTHONPATH.
2024-12-19 03:47:31,929 - __main__ - INFO - Configuración de Flask cargada correctamente.
2024-12-19 03:47:31,932 - __main__ - INFO - Blueprints registrados correctamente.
2024-12-19 03:47:31,932 - __main__ - INFO - Configuración de conexión: {'host': 'localhost', 'user': 'angelpaco', 'password': 'angelpaco', 'database': 'cocina_db'}
2024-12-19 03:47:31,932 - __main__ - DEBUG - db_config: {'host': 'localhost', 'user': 'angelpaco', 'password': 'angelpaco', 'database': 'cocina_db'}
2024-12-19 03:47:31,933 - database.db_connection - INFO - Conectando a MySQL en localhost...
2024-12-19 03:47:32,024 - mysql.connector.connection - DEBUG - # _do_auth(): self._auth_plugin: 
2024-12-19 03:47:32,024 - mysql.connector.authentication - INFO - package: mysql.connector.plugins
2024-12-19 03:47:32,024 - mysql.connector.authentication - INFO - plugin_name: mysql_native_password
2024-12-19 03:47:32,025 - mysql.connector.authentication - INFO - AUTHENTICATION_PLUGIN_CLASS: MySQLNativePasswordAuthPlugin
2024-12-19 03:47:32,026 - mysql.connector.connection - DEBUG - new_auth_plugin: mysql_native_password
2024-12-19 03:47:32,027 - database.db_connection - INFO - Conexión establecida con la base de datos 'cocina_db'.
2024-12-19 03:47:32,027 - __main__ - INFO - Conexión establecida con la base de datos.
2024-12-19 03:47:32,027 - database.db_connection - INFO - Conectando a MySQL en localhost...
2024-12-19 03:47:32,028 - mysql.connector.connection - DEBUG - # _do_auth(): self._auth_plugin: 
2024-12-19 03:47:32,028 - mysql.connector.connection - DEBUG - new_auth_plugin: mysql_native_password
2024-12-19 03:47:32,029 - database.db_connection - INFO - Conexión establecida con la base de datos 'cocina_db'.
2024-12-19 03:47:32,035 - database.db_connection - INFO - Conexión cerrada correctamente.
2024-12-19 03:47:32,035 - database.db_connection - INFO - Conexión cerrada correctamente.
2024-12-19 03:47:32,035 - __main__ - INFO - Iniciando el servidor Flask en modo debug...
2024-12-19 03:47:32,053 - werkzeug - INFO - [31m[1mWARNING: This is a development server. Do not use it in a production deployment. Use a production WSGI server instead.[0m
 * Running on http://127.0.0.1:5000
2024-12-19 03:47:32,053 - werkzeug - INFO - [33mPress CTRL+C to quit[0m
2024-12-19 03:47:32,055 - werkzeug - INFO -  * Restarting with stat
2024-12-19 03:47:32,334 - __main__ - DEBUG - Directorio raíz añadido al PYTHONPATH.
2024-12-19 03:47:32,338 - __main__ - INFO - Configuración de Flask cargada correctamente.
2024-12-19 03:47:32,341 - __main__ - INFO - Blueprints registrados correctamente.
2024-12-19 03:47:32,341 - __main__ - INFO - Configuración de conexión: {'host': 'localhost', 'user': 'angelpaco', 'password': 'angelpaco', 'database': 'cocina_db'}
2024-12-19 03:47:32,341 - __main__ - DEBUG - db_config: {'host': 'localhost', 'user': 'angelpaco', 'password': 'angelpaco', 'database': 'cocina_db'}
2024-12-19 03:47:32,342 - database.db_connection - INFO - Conectando a MySQL en localhost...
2024-12-19 03:47:32,369 - mysql.connector.connection - DEBUG - # _do_auth(): self._auth_plugin: 
2024-12-19 03:47:32,369 - mysql.connector.authentication - INFO - package: mysql.connector.plugins
2024-12-19 03:47:32,369 - mysql.connector.authentication - INFO - plugin_name: mysql_native_password
2024-12-19 03:47:32,370 - mysql.connector.authentication - INFO - AUTHENTICATION_PLUGIN_CLASS: MySQLNativePasswordAuthPlugin
2024-12-19 03:47:32,371 - mysql.connector.connection - DEBUG - new_auth_plugin: mysql_native_password
2024-12-19 03:47:32,371 - database.db_connection - INFO - Conexión establecida con la base de datos 'cocina_db'.
2024-12-19 03:47:32,372 - __main__ - INFO - Conexión establecida con la base de datos.
2024-12-19 03:47:32,372 - database.db_connection - INFO - Conectando a MySQL en localhost...
2024-12-19 03:47:32,373 - mysql.connector.connection - DEBUG - # _do_auth(): self._auth_plugin: 
2024-12-19 03:47:32,373 - mysql.connector.connection - DEBUG - new_auth_plugin: mysql_native_password
2024-12-19 03:47:32,373 - database.db_connection - INFO - Conexión establecida con la base de datos 'cocina_db'.
2024-12-19 03:47:32,379 - database.db_connection - INFO - Conexión cerrada correctamente.
2024-12-19 03:47:32,379 - database.db_connection - INFO - Conexión cerrada correctamente.
2024-12-19 03:47:32,379 - __main__ - INFO - Iniciando el servidor Flask en modo debug...
2024-12-19 03:47:32,391 - werkzeug - WARNING -  * Debugger is active!
2024-12-19 03:47:32,395 - werkzeug - INFO -  * Debugger PIN: 135-295-714
2024-12-19 03:47:43,814 - werkzeug - INFO - 127.0.0.1 - - [19/Dec/2024 03:47:43] "[35m[1mGET / HTTP/1.1[0m" 500 -
2024-12-19 03:47:43,879 - werkzeug - INFO - 127.0.0.1 - - [19/Dec/2024 03:47:43] "[36mGET /?__debugger__=yes&cmd=resource&f=debugger.js HTTP/1.1[0m" 304 -
2024-12-19 03:47:43,880 - werkzeug - INFO - 127.0.0.1 - - [19/Dec/2024 03:47:43] "[36mGET /?__debugger__=yes&cmd=resource&f=style.css HTTP/1.1[0m" 304 -
2024-12-19 03:47:43,941 - werkzeug - INFO - 127.0.0.1 - - [19/Dec/2024 03:47:43] "GET /?__debugger__=yes&cmd=resource&f=console.png&s=ylP3GsfXBVTEm2XDB7MG HTTP/1.1" 200 -
2024-12-19 03:47:43,950 - werkzeug - INFO - 127.0.0.1 - - [19/Dec/2024 03:47:43] "[36mGET /?__debugger__=yes&cmd=resource&f=console.png HTTP/1.1[0m" 304 -
2024-12-19 03:51:43,857 - werkzeug - INFO -  * Detected change in 'c:\\Users\\alsao\\OneDrive\\Escritorio\\web_cocina\\controllers\\categoria_controller.py', reloading
2024-12-19 03:51:43,895 - werkzeug - INFO -  * Restarting with stat
2024-12-19 03:51:44,141 - __main__ - DEBUG - Directorio raíz añadido al PYTHONPATH.
2024-12-19 03:51:44,144 - __main__ - INFO - Configuración de Flask cargada correctamente.
2024-12-19 03:51:44,147 - __main__ - INFO - Blueprints registrados correctamente.
2024-12-19 03:51:44,147 - __main__ - INFO - Configuración de conexión: {'host': 'localhost', 'user': 'angelpaco', 'password': 'angelpaco', 'database': 'cocina_db'}
2024-12-19 03:51:44,147 - __main__ - DEBUG - db_config: {'host': 'localhost', 'user': 'angelpaco', 'password': 'angelpaco', 'database': 'cocina_db'}
2024-12-19 03:51:44,147 - database.db_connection - INFO - Conectando a MySQL en localhost...
2024-12-19 03:51:44,177 - mysql.connector.connection - DEBUG - # _do_auth(): self._auth_plugin: 
2024-12-19 03:51:44,177 - mysql.connector.authentication - INFO - package: mysql.connector.plugins
2024-12-19 03:51:44,177 - mysql.connector.authentication - INFO - plugin_name: mysql_native_password
2024-12-19 03:51:44,178 - mysql.connector.authentication - INFO - AUTHENTICATION_PLUGIN_CLASS: MySQLNativePasswordAuthPlugin
2024-12-19 03:51:44,178 - mysql.connector.connection - DEBUG - new_auth_plugin: mysql_native_password
2024-12-19 03:51:44,179 - database.db_connection - INFO - Conexión establecida con la base de datos 'cocina_db'.
2024-12-19 03:51:44,179 - __main__ - INFO - Conexión establecida con la base de datos.
2024-12-19 03:51:44,180 - database.db_connection - INFO - Conectando a MySQL en localhost...
2024-12-19 03:51:44,180 - mysql.connector.connection - DEBUG - # _do_auth(): self._auth_plugin: 
2024-12-19 03:51:44,180 - mysql.connector.connection - DEBUG - new_auth_plugin: mysql_native_password
2024-12-19 03:51:44,181 - database.db_connection - INFO - Conexión establecida con la base de datos 'cocina_db'.
2024-12-19 03:51:44,186 - database.db_connection - INFO - Conexión cerrada correctamente.
2024-12-19 03:51:44,187 - database.db_connection - INFO - Conexión cerrada correctamente.
2024-12-19 03:51:44,187 - __main__ - INFO - Iniciando el servidor Flask en modo debug...
2024-12-19 03:51:44,198 - werkzeug - WARNING -  * Debugger is active!
2024-12-19 03:51:44,202 - werkzeug - INFO -  * Debugger PIN: 135-295-714
2024-12-19 03:52:11,831 - werkzeug - INFO -  * Detected change in 'c:\\Users\\alsao\\OneDrive\\Escritorio\\web_cocina\\controllers\\categoria_controller.py', reloading
2024-12-19 03:52:11,868 - werkzeug - INFO -  * Restarting with stat
2024-12-19 03:52:12,102 - __main__ - DEBUG - Directorio raíz añadido al PYTHONPATH.
2024-12-19 03:52:12,106 - __main__ - INFO - Configuración de Flask cargada correctamente.
2024-12-19 03:52:12,109 - __main__ - INFO - Blueprints registrados correctamente.
2024-12-19 03:52:12,109 - __main__ - INFO - Configuración de conexión: {'host': 'localhost', 'user': 'angelpaco', 'password': 'angelpaco', 'database': 'cocina_db'}
2024-12-19 03:52:12,109 - __main__ - DEBUG - db_config: {'host': 'localhost', 'user': 'angelpaco', 'password': 'angelpaco', 'database': 'cocina_db'}
2024-12-19 03:52:12,109 - database.db_connection - INFO - Conectando a MySQL en localhost...
2024-12-19 03:52:12,138 - mysql.connector.connection - DEBUG - # _do_auth(): self._auth_plugin: 
2024-12-19 03:52:12,138 - mysql.connector.authentication - INFO - package: mysql.connector.plugins
2024-12-19 03:52:12,139 - mysql.connector.authentication - INFO - plugin_name: mysql_native_password
2024-12-19 03:52:12,140 - mysql.connector.authentication - INFO - AUTHENTICATION_PLUGIN_CLASS: MySQLNativePasswordAuthPlugin
2024-12-19 03:52:12,140 - mysql.connector.connection - DEBUG - new_auth_plugin: mysql_native_password
2024-12-19 03:52:12,141 - database.db_connection - INFO - Conexión establecida con la base de datos 'cocina_db'.
2024-12-19 03:52:12,141 - __main__ - INFO - Conexión establecida con la base de datos.
2024-12-19 03:52:12,141 - database.db_connection - INFO - Conectando a MySQL en localhost...
2024-12-19 03:52:12,142 - mysql.connector.connection - DEBUG - # _do_auth(): self._auth_plugin: 
2024-12-19 03:52:12,142 - mysql.connector.connection - DEBUG - new_auth_plugin: mysql_native_password
2024-12-19 03:52:12,143 - database.db_connection - INFO - Conexión establecida con la base de datos 'cocina_db'.
2024-12-19 03:52:12,149 - database.db_connection - INFO - Conexión cerrada correctamente.
2024-12-19 03:52:12,149 - database.db_connection - INFO - Conexión cerrada correctamente.
2024-12-19 03:52:12,149 - __main__ - INFO - Iniciando el servidor Flask en modo debug...
2024-12-19 03:52:12,161 - werkzeug - WARNING -  * Debugger is active!
2024-12-19 03:52:12,166 - werkzeug - INFO -  * Debugger PIN: 135-295-714
2024-12-19 03:52:34,524 - werkzeug - INFO -  * Detected change in 'c:\\Users\\alsao\\OneDrive\\Escritorio\\web_cocina\\controllers\\categoria_controller.py', reloading
2024-12-19 03:52:34,557 - werkzeug - INFO -  * Restarting with stat
2024-12-19 03:52:34,787 - __main__ - DEBUG - Directorio raíz añadido al PYTHONPATH.
2024-12-19 03:52:34,791 - __main__ - INFO - Configuración de Flask cargada correctamente.
2024-12-19 03:52:34,793 - __main__ - INFO - Blueprints registrados correctamente.
2024-12-19 03:52:34,793 - __main__ - INFO - Configuración de conexión: {'host': 'localhost', 'user': 'angelpaco', 'password': 'angelpaco', 'database': 'cocina_db'}
2024-12-19 03:52:34,794 - __main__ - DEBUG - db_config: {'host': 'localhost', 'user': 'angelpaco', 'password': 'angelpaco', 'database': 'cocina_db'}
2024-12-19 03:52:34,794 - database.db_connection - INFO - Conectando a MySQL en localhost...
2024-12-19 03:52:34,822 - mysql.connector.connection - DEBUG - # _do_auth(): self._auth_plugin: 
2024-12-19 03:52:34,822 - mysql.connector.authentication - INFO - package: mysql.connector.plugins
2024-12-19 03:52:34,823 - mysql.connector.authentication - INFO - plugin_name: mysql_native_password
2024-12-19 03:52:34,824 - mysql.connector.authentication - INFO - AUTHENTICATION_PLUGIN_CLASS: MySQLNativePasswordAuthPlugin
2024-12-19 03:52:34,824 - mysql.connector.connection - DEBUG - new_auth_plugin: mysql_native_password
2024-12-19 03:52:34,825 - database.db_connection - INFO - Conexión establecida con la base de datos 'cocina_db'.
2024-12-19 03:52:34,825 - __main__ - INFO - Conexión establecida con la base de datos.
2024-12-19 03:52:34,825 - database.db_connection - INFO - Conectando a MySQL en localhost...
2024-12-19 03:52:34,826 - mysql.connector.connection - DEBUG - # _do_auth(): self._auth_plugin: 
2024-12-19 03:52:34,826 - mysql.connector.connection - DEBUG - new_auth_plugin: mysql_native_password
2024-12-19 03:52:34,826 - database.db_connection - INFO - Conexión establecida con la base de datos 'cocina_db'.
2024-12-19 03:52:34,831 - database.db_connection - INFO - Conexión cerrada correctamente.
2024-12-19 03:52:34,832 - database.db_connection - INFO - Conexión cerrada correctamente.
2024-12-19 03:52:34,832 - __main__ - INFO - Iniciando el servidor Flask en modo debug...
2024-12-19 03:52:34,843 - werkzeug - WARNING -  * Debugger is active!
2024-12-19 03:52:34,847 - werkzeug - INFO -  * Debugger PIN: 135-295-714
2024-12-19 03:52:37,075 - werkzeug - INFO -  * Detected change in 'c:\\Users\\alsao\\OneDrive\\Escritorio\\web_cocina\\controllers\\categoria_controller.py', reloading
2024-12-19 03:52:37,117 - werkzeug - INFO -  * Restarting with stat
2024-12-19 03:52:37,380 - __main__ - DEBUG - Directorio raíz añadido al PYTHONPATH.
2024-12-19 03:52:37,384 - __main__ - INFO - Configuración de Flask cargada correctamente.
2024-12-19 03:52:37,387 - __main__ - INFO - Blueprints registrados correctamente.
2024-12-19 03:52:37,387 - __main__ - INFO - Configuración de conexión: {'host': 'localhost', 'user': 'angelpaco', 'password': 'angelpaco', 'database': 'cocina_db'}
2024-12-19 03:52:37,387 - __main__ - DEBUG - db_config: {'host': 'localhost', 'user': 'angelpaco', 'password': 'angelpaco', 'database': 'cocina_db'}
2024-12-19 03:52:37,387 - database.db_connection - INFO - Conectando a MySQL en localhost...
2024-12-19 03:52:37,416 - mysql.connector.connection - DEBUG - # _do_auth(): self._auth_plugin: 
2024-12-19 03:52:37,417 - mysql.connector.authentication - INFO - package: mysql.connector.plugins
2024-12-19 03:52:37,417 - mysql.connector.authentication - INFO - plugin_name: mysql_native_password
2024-12-19 03:52:37,418 - mysql.connector.authentication - INFO - AUTHENTICATION_PLUGIN_CLASS: MySQLNativePasswordAuthPlugin
2024-12-19 03:52:37,418 - mysql.connector.connection - DEBUG - new_auth_plugin: mysql_native_password
2024-12-19 03:52:37,419 - database.db_connection - INFO - Conexión establecida con la base de datos 'cocina_db'.
2024-12-19 03:52:37,419 - __main__ - INFO - Conexión establecida con la base de datos.
2024-12-19 03:52:37,419 - database.db_connection - INFO - Conectando a MySQL en localhost...
2024-12-19 03:52:37,420 - mysql.connector.connection - DEBUG - # _do_auth(): self._auth_plugin: 
2024-12-19 03:52:37,420 - mysql.connector.connection - DEBUG - new_auth_plugin: mysql_native_password
2024-12-19 03:52:37,421 - database.db_connection - INFO - Conexión establecida con la base de datos 'cocina_db'.
2024-12-19 03:52:37,426 - database.db_connection - INFO - Conexión cerrada correctamente.
2024-12-19 03:52:37,427 - database.db_connection - INFO - Conexión cerrada correctamente.
2024-12-19 03:52:37,427 - __main__ - INFO - Iniciando el servidor Flask en modo debug...
2024-12-19 03:52:37,438 - werkzeug - WARNING -  * Debugger is active!
2024-12-19 03:52:37,442 - werkzeug - INFO -  * Debugger PIN: 135-295-714
2024-12-19 03:53:27,819 - werkzeug - INFO - 127.0.0.1 - - [19/Dec/2024 03:53:27] "[35m[1mGET / HTTP/1.1[0m" 500 -
2024-12-19 03:53:27,863 - werkzeug - INFO - 127.0.0.1 - - [19/Dec/2024 03:53:27] "[36mGET /?__debugger__=yes&cmd=resource&f=style.css HTTP/1.1[0m" 304 -
2024-12-19 03:53:27,871 - werkzeug - INFO - 127.0.0.1 - - [19/Dec/2024 03:53:27] "[36mGET /?__debugger__=yes&cmd=resource&f=debugger.js HTTP/1.1[0m" 304 -
2024-12-19 03:53:27,883 - werkzeug - INFO - 127.0.0.1 - - [19/Dec/2024 03:53:27] "GET /?__debugger__=yes&cmd=resource&f=console.png&s=uUSVglrq4sPaYbM17mYh HTTP/1.1" 200 -
2024-12-19 03:53:27,889 - werkzeug - INFO - 127.0.0.1 - - [19/Dec/2024 03:53:27] "[36mGET /?__debugger__=yes&cmd=resource&f=console.png HTTP/1.1[0m" 304 -
2024-12-19 03:54:30,034 - __main__ - DEBUG - Directorio raíz añadido al PYTHONPATH.
2024-12-19 03:54:30,037 - __main__ - INFO - Configuración de Flask cargada correctamente.
2024-12-19 03:54:30,040 - __main__ - INFO - Blueprints registrados correctamente.
2024-12-19 03:54:30,040 - __main__ - INFO - Configuración de conexión: {'host': 'localhost', 'user': 'angelpaco', 'password': 'angelpaco', 'database': 'cocina_db'}
2024-12-19 03:54:30,040 - __main__ - DEBUG - db_config: {'host': 'localhost', 'user': 'angelpaco', 'password': 'angelpaco', 'database': 'cocina_db'}
2024-12-19 03:54:30,040 - database.db_connection - INFO - Conectando a MySQL en localhost...
2024-12-19 03:54:30,068 - mysql.connector.connection - DEBUG - # _do_auth(): self._auth_plugin: 
2024-12-19 03:54:30,069 - mysql.connector.authentication - INFO - package: mysql.connector.plugins
2024-12-19 03:54:30,069 - mysql.connector.authentication - INFO - plugin_name: mysql_native_password
2024-12-19 03:54:30,070 - mysql.connector.authentication - INFO - AUTHENTICATION_PLUGIN_CLASS: MySQLNativePasswordAuthPlugin
2024-12-19 03:54:30,070 - mysql.connector.connection - DEBUG - new_auth_plugin: mysql_native_password
2024-12-19 03:54:30,071 - database.db_connection - INFO - Conexión establecida con la base de datos 'cocina_db'.
2024-12-19 03:54:30,071 - __main__ - INFO - Conexión establecida con la base de datos.
2024-12-19 03:54:30,071 - database.db_connection - INFO - Conectando a MySQL en localhost...
2024-12-19 03:54:30,072 - mysql.connector.connection - DEBUG - # _do_auth(): self._auth_plugin: 
2024-12-19 03:54:30,072 - mysql.connector.connection - DEBUG - new_auth_plugin: mysql_native_password
2024-12-19 03:54:30,073 - database.db_connection - INFO - Conexión establecida con la base de datos 'cocina_db'.
2024-12-19 03:54:30,077 - database.db_connection - INFO - Conexión cerrada correctamente.
2024-12-19 03:54:30,077 - database.db_connection - INFO - Conexión cerrada correctamente.
2024-12-19 03:54:30,077 - __main__ - INFO - Iniciando el servidor Flask en modo debug...
2024-12-19 03:54:30,093 - werkzeug - INFO - [31m[1mWARNING: This is a development server. Do not use it in a production deployment. Use a production WSGI server instead.[0m
 * Running on http://127.0.0.1:5000
2024-12-19 03:54:30,093 - werkzeug - INFO - [33mPress CTRL+C to quit[0m
2024-12-19 03:54:30,094 - werkzeug - INFO -  * Restarting with stat
2024-12-19 03:54:30,331 - __main__ - DEBUG - Directorio raíz añadido al PYTHONPATH.
2024-12-19 03:54:30,334 - __main__ - INFO - Configuración de Flask cargada correctamente.
2024-12-19 03:54:30,337 - __main__ - INFO - Blueprints registrados correctamente.
2024-12-19 03:54:30,337 - __main__ - INFO - Configuración de conexión: {'host': 'localhost', 'user': 'angelpaco', 'password': 'angelpaco', 'database': 'cocina_db'}
2024-12-19 03:54:30,337 - __main__ - DEBUG - db_config: {'host': 'localhost', 'user': 'angelpaco', 'password': 'angelpaco', 'database': 'cocina_db'}
2024-12-19 03:54:30,337 - database.db_connection - INFO - Conectando a MySQL en localhost...
2024-12-19 03:54:30,362 - mysql.connector.connection - DEBUG - # _do_auth(): self._auth_plugin: 
2024-12-19 03:54:30,363 - mysql.connector.authentication - INFO - package: mysql.connector.plugins
2024-12-19 03:54:30,363 - mysql.connector.authentication - INFO - plugin_name: mysql_native_password
2024-12-19 03:54:30,364 - mysql.connector.authentication - INFO - AUTHENTICATION_PLUGIN_CLASS: MySQLNativePasswordAuthPlugin
2024-12-19 03:54:30,364 - mysql.connector.connection - DEBUG - new_auth_plugin: mysql_native_password
2024-12-19 03:54:30,365 - database.db_connection - INFO - Conexión establecida con la base de datos 'cocina_db'.
2024-12-19 03:54:30,365 - __main__ - INFO - Conexión establecida con la base de datos.
2024-12-19 03:54:30,365 - database.db_connection - INFO - Conectando a MySQL en localhost...
2024-12-19 03:54:30,366 - mysql.connector.connection - DEBUG - # _do_auth(): self._auth_plugin: 
2024-12-19 03:54:30,366 - mysql.connector.connection - DEBUG - new_auth_plugin: mysql_native_password
2024-12-19 03:54:30,367 - database.db_connection - INFO - Conexión establecida con la base de datos 'cocina_db'.
2024-12-19 03:54:30,372 - database.db_connection - INFO - Conexión cerrada correctamente.
2024-12-19 03:54:30,372 - database.db_connection - INFO - Conexión cerrada correctamente.
2024-12-19 03:54:30,373 - __main__ - INFO - Iniciando el servidor Flask en modo debug...
2024-12-19 03:54:30,383 - werkzeug - WARNING -  * Debugger is active!
2024-12-19 03:54:30,387 - werkzeug - INFO -  * Debugger PIN: 135-295-714
2024-12-19 03:54:42,433 - werkzeug - INFO - 127.0.0.1 - - [19/Dec/2024 03:54:42] "[35m[1mGET / HTTP/1.1[0m" 500 -
2024-12-19 03:54:42,490 - werkzeug - INFO - 127.0.0.1 - - [19/Dec/2024 03:54:42] "[36mGET /?__debugger__=yes&cmd=resource&f=debugger.js HTTP/1.1[0m" 304 -
2024-12-19 03:54:42,491 - werkzeug - INFO - 127.0.0.1 - - [19/Dec/2024 03:54:42] "[36mGET /?__debugger__=yes&cmd=resource&f=style.css HTTP/1.1[0m" 304 -
2024-12-19 03:54:42,532 - werkzeug - INFO - 127.0.0.1 - - [19/Dec/2024 03:54:42] "GET /?__debugger__=yes&cmd=resource&f=console.png&s=4H4gLYL14ITeOYDE1y9n HTTP/1.1" 200 -
